
2024/03/18 (09:45:47) | ===> btop++ v.1.3.2
2024/03/18 (09:45:47) | ERROR: Exception during Config::unlock() : unordered_map::at

2024/03/21 (17:24:33) | ===> btop++ v.1.3.2
2024/03/21 (17:24:33) | ERROR: Stall in Runner thread, restarting!
2024/03/21 (17:25:06) | ERROR: Stall in Runner thread, restarting!

2024/03/30 (14:07:08) | ===> btop++ v.1.3.2
2024/03/30 (14:07:09) | ERROR: Stall in Runner thread, restarting!
2024/03/30 (14:07:55) | ERROR: Stall in Runner thread, restarting!

2024/04/02 (10:17:32) | ===> btop++ v.1.3.2
2024/04/02 (10:17:32) | ERROR: Stall in Runner thread, restarting!
2024/04/02 (10:18:26) | ERROR: Stall in Runner thread, restarting!
2024/04/02 (10:18:41) | ERROR: Stall in Runner thread, restarting!
2024/04/02 (10:19:00) | ERROR: Stall in Runner thread, restarting!
2024/04/02 (10:19:16) | ERROR: Stall in Runner thread, restarting!
2024/04/02 (10:19:26) | ERROR: Stall in Runner thread, restarting!
2024/04/02 (10:19:34) | ERROR: Stall in Runner thread, restarting!
2024/04/02 (10:20:44) | ERROR: Stall in Runner thread, restarting!
2024/04/02 (10:20:54) | ERROR: Stall in Runner thread, restarting!
2024/04/02 (10:30:18) | ERROR: Stall in Runner thread, restarting!
2024/04/02 (10:30:43) | ERROR: Stall in Runner thread, restarting!
2024/04/02 (10:32:49) | ERROR: Stall in Runner thread, restarting!
2024/04/02 (10:33:00) | ERROR: Stall in Runner thread, restarting!
2024/04/02 (10:33:09) | ERROR: Stall in Runner thread, restarting!
2024/04/02 (10:33:17) | ERROR: Stall in Runner thread, restarting!
2024/04/02 (10:33:25) | ERROR: Stall in Runner thread, restarting!
2024/04/02 (10:33:38) | ERROR: Stall in Runner thread, restarting!
2024/04/02 (10:33:52) | ERROR: Stall in Runner thread, restarting!
2024/04/02 (10:34:00) | ERROR: Stall in Runner thread, restarting!
2024/04/02 (10:34:10) | ERROR: Stall in Runner thread, restarting!
2024/04/02 (10:34:23) | ERROR: Stall in Runner thread, restarting!
2024/04/02 (10:34:32) | ERROR: Stall in Runner thread, restarting!
2024/04/02 (10:36:05) | ERROR: Stall in Runner thread, restarting!
2024/04/02 (10:36:15) | ERROR: Stall in Runner thread, restarting!
2024/04/02 (10:36:22) | ERROR: Stall in Runner thread, restarting!
2024/04/02 (10:36:29) | ERROR: Stall in Runner thread, restarting!
2024/04/02 (10:36:49) | ERROR: Stall in Runner thread, restarting!
2024/04/02 (10:40:22) | ERROR: Stall in Runner thread, restarting!
2024/04/02 (10:40:50) | ERROR: Stall in Runner thread, restarting!
2024/04/02 (10:40:57) | ERROR: Stall in Runner thread, restarting!
2024/04/02 (10:41:09) | ERROR: Stall in Runner thread, restarting!
2024/04/02 (10:42:06) | ERROR: Stall in Runner thread, restarting!
2024/04/02 (10:42:17) | ERROR: Stall in Runner thread, restarting!
2024/04/02 (10:42:24) | ERROR: Stall in Runner thread, restarting!
2024/04/02 (10:42:36) | ERROR: Stall in Runner thread, restarting!
2024/04/02 (10:42:51) | ERROR: Stall in Runner thread, restarting!
2024/04/02 (10:43:18) | ERROR: Stall in Runner thread, restarting!
2024/04/02 (10:43:40) | ERROR: Stall in Runner thread, restarting!
2024/04/02 (10:43:59) | ERROR: Stall in Runner thread, restarting!
2024/04/02 (10:44:20) | ERROR: Stall in Runner thread, restarting!
2024/04/02 (10:44:39) | ERROR: Stall in Runner thread, restarting!
2024/04/02 (10:45:45) | ERROR: Stall in Runner thread, restarting!
2024/04/02 (10:47:46) | ERROR: Stall in Runner thread, restarting!
2024/04/02 (10:50:45) | ERROR: Stall in Runner thread, restarting!
2024/04/02 (10:50:57) | ERROR: Stall in Runner thread, restarting!
2024/04/02 (10:51:12) | ERROR: Stall in Runner thread, restarting!
2024/04/02 (10:51:22) | ERROR: Stall in Runner thread, restarting!
2024/04/02 (10:51:42) | ERROR: Stall in Runner thread, restarting!
2024/04/02 (10:51:56) | ERROR: Stall in Runner thread, restarting!
2024/04/02 (10:52:04) | ERROR: Stall in Runner thread, restarting!
2024/04/02 (10:52:14) | ERROR: Stall in Runner thread, restarting!
2024/04/02 (10:52:23) | ERROR: Stall in Runner thread, restarting!
2024/04/02 (10:52:44) | ERROR: Stall in Runner thread, restarting!
2024/04/02 (10:53:48) | ERROR: Stall in Runner thread, restarting!
2024/04/02 (10:53:57) | ERROR: Stall in Runner thread, restarting!
2024/04/02 (10:54:11) | ERROR: Stall in Runner thread, restarting!
2024/04/02 (10:54:19) | ERROR: Stall in Runner thread, restarting!
2024/04/02 (10:54:31) | ERROR: Stall in Runner thread, restarting!
2024/04/02 (10:54:44) | ERROR: Stall in Runner thread, restarting!
2024/04/02 (10:55:00) | ERROR: Stall in Runner thread, restarting!
2024/04/02 (10:55:09) | ERROR: Stall in Runner thread, restarting!
2024/04/02 (10:55:17) | ERROR: Stall in Runner thread, restarting!
2024/04/02 (10:55:44) | ERROR: Stall in Runner thread, restarting!
2024/04/02 (10:56:04) | ERROR: Stall in Runner thread, restarting!
2024/04/02 (10:56:20) | ERROR: Stall in Runner thread, restarting!
2024/04/02 (10:56:34) | ERROR: Stall in Runner thread, restarting!
2024/04/02 (10:56:57) | ERROR: Stall in Runner thread, restarting!
2024/04/02 (10:57:14) | ERROR: Stall in Runner thread, restarting!
2024/04/02 (10:58:23) | ERROR: Stall in Runner thread, restarting!
2024/04/02 (10:59:46) | ERROR: Stall in Runner thread, restarting!
2024/04/02 (11:00:49) | ERROR: Stall in Runner thread, restarting!
2024/04/02 (11:02:16) | ERROR: Stall in Runner thread, restarting!
2024/04/02 (11:03:39) | ERROR: Stall in Runner thread, restarting!
2024/04/02 (11:03:45) | ERROR: Stall in Runner thread, restarting!

2024/04/03 (00:26:50) | ===> btop++ v.1.3.2
2024/04/03 (00:26:50) | ERROR: Couldn't determine terminal size of "STDOUT_FILENO"!
2024/04/03 (00:26:50) | ERROR: Couldn't determine terminal size of "/dev/tty"!
2024/04/03 (00:26:51) | ERROR: Couldn't determine terminal size of "STDOUT_FILENO"!
2024/04/03 (00:26:51) | ERROR: Couldn't determine terminal size of "/dev/tty"!
2024/04/03 (00:26:52) | ERROR: Couldn't determine terminal size of "STDOUT_FILENO"!
2024/04/03 (00:26:52) | ERROR: Couldn't determine terminal size of "/dev/tty"!
2024/04/03 (00:26:52) | ERROR: Couldn't determine terminal size of "STDOUT_FILENO"!
2024/04/03 (00:26:52) | ERROR: Couldn't determine terminal size of "/dev/tty"!
2024/04/03 (00:26:53) | ERROR: Couldn't determine terminal size of "STDOUT_FILENO"!
2024/04/03 (00:26:53) | ERROR: Couldn't determine terminal size of "/dev/tty"!
2024/04/03 (00:26:54) | ERROR: Couldn't determine terminal size of "STDOUT_FILENO"!
2024/04/03 (00:26:54) | ERROR: Couldn't determine terminal size of "/dev/tty"!
2024/04/03 (00:26:54) | ERROR: Couldn't determine terminal size of "STDOUT_FILENO"!
2024/04/03 (00:26:54) | ERROR: Couldn't determine terminal size of "/dev/tty"!
2024/04/03 (00:26:55) | ERROR: Couldn't determine terminal size of "STDOUT_FILENO"!
2024/04/03 (00:26:55) | ERROR: Couldn't determine terminal size of "/dev/tty"!
2024/04/03 (00:26:56) | ERROR: Couldn't determine terminal size of "STDOUT_FILENO"!
2024/04/03 (00:26:56) | ERROR: Couldn't determine terminal size of "/dev/tty"!
2024/04/03 (00:26:56) | ERROR: Couldn't determine terminal size of "STDOUT_FILENO"!
2024/04/03 (00:26:56) | ERROR: Couldn't determine terminal size of "/dev/tty"!
2024/04/03 (00:26:57) | ERROR: Couldn't determine terminal size of "STDOUT_FILENO"!
2024/04/03 (00:26:57) | ERROR: Couldn't determine terminal size of "/dev/tty"!
2024/04/03 (00:26:58) | ERROR: Couldn't determine terminal size of "STDOUT_FILENO"!
2024/04/03 (00:26:58) | ERROR: Couldn't determine terminal size of "/dev/tty"!
2024/04/03 (00:26:59) | ERROR: Couldn't determine terminal size of "STDOUT_FILENO"!
2024/04/03 (00:26:59) | ERROR: Couldn't determine terminal size of "/dev/tty"!
2024/04/03 (00:26:59) | ERROR: Couldn't determine terminal size of "STDOUT_FILENO"!
2024/04/03 (00:26:59) | ERROR: Couldn't determine terminal size of "/dev/tty"!
2024/04/03 (00:27:00) | ERROR: Couldn't determine terminal size of "STDOUT_FILENO"!
2024/04/03 (00:27:00) | ERROR: Couldn't determine terminal size of "/dev/tty"!
2024/04/03 (00:27:01) | ERROR: Couldn't determine terminal size of "STDOUT_FILENO"!
2024/04/03 (00:27:01) | ERROR: Couldn't determine terminal size of "/dev/tty"!
2024/04/03 (00:27:01) | ERROR: Couldn't determine terminal size of "STDOUT_FILENO"!
2024/04/03 (00:27:01) | ERROR: Couldn't determine terminal size of "/dev/tty"!
2024/04/03 (00:27:02) | ERROR: Couldn't determine terminal size of "STDOUT_FILENO"!
2024/04/03 (00:27:02) | ERROR: Couldn't determine terminal size of "/dev/tty"!
2024/04/03 (00:27:03) | ERROR: Couldn't determine terminal size of "STDOUT_FILENO"!
2024/04/03 (00:27:03) | ERROR: Couldn't determine terminal size of "/dev/tty"!
2024/04/03 (00:27:03) | ERROR: Couldn't determine terminal size of "STDOUT_FILENO"!
2024/04/03 (00:27:03) | ERROR: Couldn't determine terminal size of "/dev/tty"!
2024/04/03 (00:27:04) | ERROR: Couldn't determine terminal size of "STDOUT_FILENO"!
2024/04/03 (00:27:04) | ERROR: Couldn't determine terminal size of "/dev/tty"!
